# JRE version: Java(TM) SE Runtime Environment (8.0_101-b13) (build 1.8.0_101-b13)
# Java VM: Java HotSpot(TM) 64-Bit Server VM (25.101-b13 mixed mode linux-amd64 compressed oops)
Heap:
 def new generation   total 38784K, used 23308K [0x0000000083200000, 0x0000000085c10000, 0x00000000acc00000)
  eden space 34496K,  67% used [0x0000000083200000, 0x00000000848c3088, 0x00000000853b0000)
  from space 4288K,   0% used [0x00000000853b0000, 0x00000000853b0000, 0x00000000857e0000)
  to   space 4288K,   0% used [0x00000000857e0000, 0x00000000857e0000, 0x0000000085c10000)
 tenured generation   total 86016K, used 7551K [0x00000000acc00000, 0x00000000b2000000, 0x0000000100000000)
   the space 86016K,   8% used [0x00000000acc00000, 0x00000000ad35fe68, 0x00000000ad360000, 0x00000000b2000000)
 Metaspace       used 24928K, capacity 25244K, committed 25344K, reserved 1071104K
  class space    used 3237K, capacity 3325K, committed 3328K, reserved 1048576K
GC Heap History (6 events):
Event: 0.949 GC heap before
{Heap before GC invocations=0 (full 0):
 def new generation   total 38720K, used 34432K [0x0000000083200000, 0x0000000085c00000, 0x00000000acc00000)
  eden space 34432K, 100% used [0x0000000083200000, 0x00000000853a0000, 0x00000000853a0000)
  from space 4288K,   0% used [0x00000000853a0000, 0x00000000853a0000, 0x00000000857d0000)
  to   space 4288K,   0% used [0x00000000857d0000, 0x00000000857d0000, 0x0000000085c00000)
 tenured generation   total 86016K, used 0K [0x00000000acc00000, 0x00000000b2000000, 0x0000000100000000)
   the space 86016K,   0% used [0x00000000acc00000, 0x00000000acc00000, 0x00000000acc00200, 0x00000000b2000000)
 Metaspace       used 13777K, capacity 13900K, committed 14080K, reserved 1060864K
  class space    used 1701K, capacity 1749K, committed 1792K, reserved 1048576K
Event: 0.959 GC heap after
Heap after GC invocations=1 (full 0):
 def new generation   total 38720K, used 4287K [0x0000000083200000, 0x0000000085c00000, 0x00000000acc00000)
  eden space 34432K,   0% used [0x0000000083200000, 0x0000000083200000, 0x00000000853a0000)
  from space 4288K,  99% used [0x00000000857d0000, 0x0000000085bffff8, 0x0000000085c00000)
  to   space 4288K,   0% used [0x00000000853a0000, 0x00000000853a0000, 0x00000000857d0000)
 tenured generation   total 86016K, used 4546K [0x00000000acc00000, 0x00000000b2000000, 0x0000000100000000)
   the space 86016K,   5% used [0x00000000acc00000, 0x00000000ad0709a8, 0x00000000ad070a00, 0x00000000b2000000)
 Metaspace       used 13777K, capacity 13900K, committed 14080K, reserved 1060864K
  class space    used 1701K, capacity 1749K, committed 1792K, reserved 1048576K
}
Event: 1.842 GC heap before
{Heap before GC invocations=1 (full 0):
 def new generation   total 38720K, used 38719K [0x0000000083200000, 0x0000000085c00000, 0x00000000acc00000)
  eden space 34432K, 100% used [0x0000000083200000, 0x00000000853a0000, 0x00000000853a0000)
  from space 4288K,  99% used [0x00000000857d0000, 0x0000000085bffff8, 0x0000000085c00000)
  to   space 4288K,   0% used [0x00000000853a0000, 0x00000000853a0000, 0x00000000857d0000)
 tenured generation   total 86016K, used 4546K [0x00000000acc00000, 0x00000000b2000000, 0x0000000100000000)
   the space 86016K,   5% used [0x00000000acc00000, 0x00000000ad0709a8, 0x00000000ad070a00, 0x00000000b2000000)
 Metaspace       used 19496K, capacity 19682K, committed 19712K, reserved 1067008K
  class space    used 2503K, capacity 2542K, committed 2560K, reserved 1048576K
Event: 1.859 GC heap after
Heap after GC invocations=2 (full 0):
 def new generation   total 38720K, used 4287K [0x0000000083200000, 0x0000000085c00000, 0x00000000acc00000)
  eden space 34432K,   0% used [0x0000000083200000, 0x0000000083200000, 0x00000000853a0000)
  from space 4288K,  99% used [0x00000000853a0000, 0x00000000857cfff8, 0x00000000857d0000)
  to   space 4288K,   0% used [0x00000000857d0000, 0x00000000857d0000, 0x0000000085c00000)
 tenured generation   total 86016K, used 9865K [0x00000000acc00000, 0x00000000b2000000, 0x0000000100000000)
   the space 86016K,  11% used [0x00000000acc00000, 0x00000000ad5a2770, 0x00000000ad5a2800, 0x00000000b2000000)
 Metaspace       used 19496K, capacity 19682K, committed 19712K, reserved 1067008K
  class space    used 2503K, capacity 2542K, committed 2560K, reserved 1048576K
}
Event: 2.284 GC heap before
{Heap before GC invocations=2 (full 0):
 def new generation   total 38720K, used 16911K [0x0000000083200000, 0x0000000085c00000, 0x00000000acc00000)
  eden space 34432K,  36% used [0x0000000083200000, 0x0000000083e53ea0, 0x00000000853a0000)
  from space 4288K,  99% used [0x00000000853a0000, 0x00000000857cfff8, 0x00000000857d0000)
  to   space 4288K,   0% used [0x00000000857d0000, 0x00000000857d0000, 0x0000000085c00000)
 tenured generation   total 86016K, used 9865K [0x00000000acc00000, 0x00000000b2000000, 0x0000000100000000)
   the space 86016K,  11% used [0x00000000acc00000, 0x00000000ad5a2770, 0x00000000ad5a2800, 0x00000000b2000000)
 Metaspace       used 21029K, capacity 21186K, committed 21248K, reserved 1067008K
  class space    used 2713K, capacity 2766K, committed 2816K, reserved 1048576K
Event: 2.315 GC heap after
Heap after GC invocations=3 (full 1):
 def new generation   total 38784K, used 0K [0x0000000083200000, 0x0000000085c10000, 0x00000000acc00000)
  eden space 34496K,   0% used [0x0000000083200000, 0x0000000083200000, 0x00000000853b0000)
  from space 4288K,   0% used [0x00000000853b0000, 0x00000000853b0000, 0x00000000857e0000)
  to   space 4288K,   0% used [0x00000000857e0000, 0x00000000857e0000, 0x0000000085c10000)
 tenured generation   total 86016K, used 7551K [0x00000000acc00000, 0x00000000b2000000, 0x0000000100000000)
   the space 86016K,   8% used [0x00000000acc00000, 0x00000000ad35fe68, 0x00000000ad360000, 0x00000000b2000000)
 Metaspace       used 21029K, capacity 21186K, committed 21248K, reserved 1067008K
  class space    used 2713K, capacity 2766K, committed 2816K, reserved 1048576K
}

